Base path: C:/Program Files/Unity/Editor/Data
Pipe name: \\.\pipe\UnityShaderCompiler-3-49
Cmd: getPlatforms
Cmd: compileSnippet
  api=0 type=0 insize=5999 outsize=1193 kw=DIRECTIONAL SHADOWS_OFF LIGHTMAP_OFF DIRLIGHTMAP_OFF ok=1
Cmd: compileSnippet
  api=4 type=0 insize=5999 outsize=4833 kw=DIRECTIONAL SHADOWS_OFF LIGHTMAP_OFF DIRLIGHTMAP_OFF VERTEXLIGHT_ON ok=1
Cmd: compileSnippet
  api=4 type=0 insize=5999 outsize=5223 kw=DIRECTIONAL SHADOWS_SCREEN LIGHTMAP_OFF DIRLIGHTMAP_OFF VERTEXLIGHT_ON ok=1
Cmd: compileSnippet
  api=8 type=1 insize=5999 outsize=3486 kw=DIRECTIONAL SHADOWS_OFF LIGHTMAP_OFF DIRLIGHTMAP_OFF ok=1
Cmd: compileSnippet
  api=8 type=1 insize=5999 outsize=3137 kw=DIRECTIONAL SHADOWS_OFF LIGHTMAP_ON DIRLIGHTMAP_OFF ok=1
Cmd: compileSnippet
  api=1 type=1 insize=5999 outsize=726 kw=DIRECTIONAL SHADOWS_SCREEN LIGHTMAP_ON DIRLIGHTMAP_OFF ok=1
Cmd: compileSnippet
  api=0 type=0 insize=3919 outsize=834 kw=DIRECTIONAL ok=1
Cmd: compileSnippet
  api=0 type=0 insize=3919 outsize=1128 kw=SPOT ok=1
Cmd: compileSnippet
  api=4 type=0 insize=3919 outsize=3378 kw=POINT_COOKIE ok=1
Cmd: compileSnippet
  api=0 type=0 insize=3919 outsize=1049 kw=DIRECTIONAL_COOKIE ok=1
Cmd: compileSnippet
  api=0 type=1 insize=3919 outsize=929 kw=POINT ok=1
Cmd: compileSnippet
  api=4 type=1 insize=3919 outsize=2225 kw=DIRECTIONAL ok=1
Cmd: compileSnippet
  api=0 type=1 insize=3919 outsize=1003 kw=POINT_COOKIE ok=1
Cmd: compileSnippet
  api=0 type=1 insize=3919 outsize=815 kw=DIRECTIONAL_COOKIE ok=1
Cmd: compileSnippet
  api=1 type=1 insize=3919 outsize=655 kw=DIRECTIONAL_COOKIE ok=1
Cmd: compileSnippet
  api=0 type=0 insize=6031 outsize=713 kw=DIRECTIONAL SHADOWS_OFF LIGHTMAP_ON DIRLIGHTMAP_OFF ok=1
Cmd: compileSnippet
  api=4 type=0 insize=6031 outsize=1997 kw=DIRECTIONAL SHADOWS_OFF LIGHTMAP_ON DIRLIGHTMAP_OFF ok=1
Cmd: compileSnippet
  api=1 type=0 insize=6031 outsize=1043 kw=DIRECTIONAL SHADOWS_SCREEN LIGHTMAP_OFF DIRLIGHTMAP_OFF ok=1
Cmd: compileSnippet
  api=1 type=0 insize=6031 outsize=451 kw=DIRECTIONAL SHADOWS_SCREEN LIGHTMAP_ON DIRLIGHTMAP_OFF ok=1
Cmd: compileSnippet
  api=4 type=0 insize=6031 outsize=5523 kw=DIRECTIONAL SHADOWS_OFF LIGHTMAP_OFF DIRLIGHTMAP_OFF VERTEXLIGHT_ON ok=1
Cmd: compileSnippet
  api=4 type=0 insize=6031 outsize=5913 kw=DIRECTIONAL SHADOWS_SCREEN LIGHTMAP_OFF DIRLIGHTMAP_OFF VERTEXLIGHT_ON ok=1
Cmd: compileSnippet
  api=0 type=1 insize=6031 outsize=568 kw=DIRECTIONAL SHADOWS_OFF LIGHTMAP_ON DIRLIGHTMAP_OFF ok=1
Cmd: compileSnippet
  api=1 type=1 insize=6031 outsize=485 kw=DIRECTIONAL SHADOWS_OFF LIGHTMAP_ON DIRLIGHTMAP_OFF ok=1
Cmd: compileSnippet
  api=0 type=1 insize=6031 outsize=945 kw=DIRECTIONAL SHADOWS_SCREEN LIGHTMAP_OFF DIRLIGHTMAP_OFF ok=1
Cmd: compileSnippet
  api=8 type=1 insize=6031 outsize=4396 kw=DIRECTIONAL SHADOWS_SCREEN LIGHTMAP_OFF DIRLIGHTMAP_OFF ok=1
Cmd: compileSnippet
  api=8 type=0 insize=3850 outsize=4981 kw=POINT ok=1
Cmd: compileSnippet
  api=4 type=0 insize=3850 outsize=3452 kw=SPOT ok=1
Cmd: compileSnippet
  api=4 type=0 insize=3850 outsize=3452 kw=POINT_COOKIE ok=1
Cmd: compileSnippet
  api=4 type=0 insize=3850 outsize=3362 kw=DIRECTIONAL_COOKIE ok=1
Cmd: compileSnippet
  api=8 type=0 insize=3850 outsize=4851 kw=DIRECTIONAL_COOKIE ok=1
Cmd: compileSnippet
  api=8 type=1 insize=3850 outsize=4363 kw=POINT ok=1
Cmd: compileSnippet
  api=4 type=1 insize=3850 outsize=3330 kw=SPOT ok=1
Cmd: compileSnippet
  api=8 type=1 insize=3850 outsize=4623 kw=POINT_COOKIE ok=1
Unhandled exception: Readfile from pipe failed. GLE=Канал закрыт.


Quitting shader compiler process
