Base path: C:/Program Files/Unity/Editor/Data
Pipe name: \\.\pipe\UnityShaderCompiler-4-49
Cmd: getPlatforms
Cmd: compileSnippet
  api=0 type=0 insize=5832 outsize=1177 kw=DIRECTIONAL SHADOWS_SCREEN LIGHTMAP_OFF DIRLIGHTMAP_OFF ok=1
Cmd: compileSnippet
  api=0 type=1 insize=5832 outsize=449 kw=DIRECTIONAL SHADOWS_SCREEN LIGHTMAP_ON DIRLIGHTMAP_OFF ok=1
Cmd: compileSnippet
  api=0 type=0 insize=3776 outsize=703 kw=DIRECTIONAL ok=1
Cmd: compileSnippet
  api=0 type=0 insize=3776 outsize=819 kw=DIRECTIONAL_COOKIE ok=1
Cmd: compileSnippet
  api=0 type=1 insize=3776 outsize=1606 kw=POINT_COOKIE ok=1
Cmd: compileSnippet
  api=9 type=0 insize=5832 outsize=4428 kw=DIRECTIONAL SHADOWS_OFF LIGHTMAP_OFF DIRLIGHTMAP_OFF ok=1
Cmd: compileSnippet
  error: 1 plat 4 at (48): implicit truncation of vector type
  error: 2 plat 4 at (56): incorrect number of arguments to numeric-type constructor
  api=4 type=0 insize=5832 outsize=0 kw=DIRECTIONAL SHADOWS_SCREEN LIGHTMAP_OFF DIRLIGHTMAP_OFF ok=0
Cmd: compileSnippet
  api=5 type=0 insize=5832 outsize=4587 kw=DIRECTIONAL SHADOWS_SCREEN LIGHTMAP_OFF DIRLIGHTMAP_OFF ok=1
Cmd: compileSnippet
  api=5 type=0 insize=5832 outsize=1913 kw=DIRECTIONAL SHADOWS_SCREEN LIGHTMAP_ON DIRLIGHTMAP_OFF ok=1
Cmd: compileSnippet
  api=1 type=0 insize=5832 outsize=1277 kw=DIRECTIONAL SHADOWS_OFF LIGHTMAP_OFF DIRLIGHTMAP_OFF VERTEXLIGHT_ON ok=1
Cmd: compileSnippet
  api=1 type=0 insize=5832 outsize=1433 kw=DIRECTIONAL SHADOWS_SCREEN LIGHTMAP_OFF DIRLIGHTMAP_OFF VERTEXLIGHT_ON ok=1
Cmd: compileSnippet
  api=9 type=0 insize=5832 outsize=5661 kw=DIRECTIONAL SHADOWS_SCREEN LIGHTMAP_OFF DIRLIGHTMAP_OFF VERTEXLIGHT_ON ok=1
Cmd: compileSnippet
  api=9 type=0 insize=5832 outsize=1752 kw=DIRECTIONAL SHADOWS_SCREEN SHADOWS_NATIVE LIGHTMAP_ON DIRLIGHTMAP_OFF ok=1
Cmd: compileSnippet
  api=6 type=1 insize=5832 outsize=6 kw=DIRECTIONAL SHADOWS_OFF LIGHTMAP_OFF DIRLIGHTMAP_OFF ok=1
Cmd: compileSnippet
  api=5 type=1 insize=5832 outsize=6 kw=DIRECTIONAL SHADOWS_OFF LIGHTMAP_ON DIRLIGHTMAP_OFF ok=1
Cmd: compileSnippet
  api=6 type=1 insize=5832 outsize=6 kw=DIRECTIONAL SHADOWS_OFF LIGHTMAP_ON DIRLIGHTMAP_OFF ok=1
Cmd: compileSnippet
  api=1 type=1 insize=5832 outsize=1423 kw=DIRECTIONAL SHADOWS_SCREEN LIGHTMAP_OFF DIRLIGHTMAP_OFF ok=1
Cmd: compileSnippet
  api=9 type=0 insize=3776 outsize=3555 kw=POINT ok=1
Cmd: compileSnippet
  api=6 type=0 insize=3776 outsize=3327 kw=DIRECTIONAL ok=1
Cmd: compileSnippet
  api=6 type=0 insize=3776 outsize=3563 kw=SPOT ok=1
Cmd: compileSnippet
  api=6 type=0 insize=3776 outsize=3567 kw=POINT_COOKIE ok=1
Cmd: compileSnippet
  api=9 type=0 insize=3776 outsize=3453 kw=DIRECTIONAL_COOKIE ok=1
Cmd: compileSnippet
  api=5 type=1 insize=3776 outsize=6 kw=POINT ok=1
Cmd: compileSnippet
  api=5 type=1 insize=3776 outsize=6 kw=DIRECTIONAL ok=1
Cmd: compileSnippet
  api=9 type=1 insize=3776 outsize=7 kw=DIRECTIONAL ok=1
Cmd: compileSnippet
  error: 1 plat 4 at (48): implicit truncation of vector type
  error: 2 plat 4 at (56): incorrect number of arguments to numeric-type constructor
  api=4 type=1 insize=3776 outsize=0 kw=SPOT ok=0
Cmd: compileSnippet
  error: 1 plat 4 at (48): implicit truncation of vector type
  error: 2 plat 4 at (56): incorrect number of arguments to numeric-type constructor
  api=4 type=1 insize=3776 outsize=0 kw=POINT_COOKIE ok=0
Cmd: compileSnippet
  api=6 type=1 insize=3776 outsize=6 kw=DIRECTIONAL_COOKIE ok=1
Cmd: compileSnippet
  error: 1 plat 4 at (48): implicit truncation of vector type
  error: 2 plat 4 at (56): incorrect number of arguments to numeric-type constructor
  api=4 type=0 insize=5832 outsize=0 kw=DIRECTIONAL SHADOWS_SCREEN LIGHTMAP_ON DIRLIGHTMAP_OFF ok=0
Cmd: compileSnippet
  error: 1 plat 4 at (48): implicit truncation of vector type
  error: 2 plat 4 at (56): incorrect number of arguments to numeric-type constructor
  api=4 type=1 insize=5832 outsize=0 kw=DIRECTIONAL SHADOWS_SCREEN LIGHTMAP_ON DIRLIGHTMAP_OFF ok=0
Cmd: compileSnippet
  error: 1 plat 4 at (48): implicit truncation of vector type
  error: 2 plat 4 at (56): incorrect number of arguments to numeric-type constructor
  api=4 type=0 insize=3776 outsize=0 kw=DIRECTIONAL ok=0
Cmd: compileSnippet
  error: 1 plat 4 at (48): implicit truncation of vector type
  error: 2 plat 4 at (56): incorrect number of arguments to numeric-type constructor
  api=4 type=0 insize=3776 outsize=0 kw=DIRECTIONAL_COOKIE ok=0
Cmd: compileSnippet
  error: 1 plat 4 at (48): implicit truncation of vector type
  error: 2 plat 4 at (56): incorrect number of arguments to numeric-type constructor
  api=4 type=1 insize=3776 outsize=0 kw=POINT_COOKIE ok=0
Cmd: compileSnippet
  error: 1 plat 4 at (48): implicit truncation of vector type
  error: 2 plat 4 at (56): incorrect number of arguments to numeric-type constructor
  api=4 type=1 insize=3776 outsize=0 kw=DIRECTIONAL_COOKIE ok=0
Unhandled exception: Readfile from pipe failed. GLE=Канал закрыт.


Quitting shader compiler process
